<?xml version="1.0" encoding="UTF-8"?>
<!-- Generated by org.testng.reporters.JUnitReportReporter -->
<testsuite hostname="LTIN511473" failures="0" tests="7" name="TestCases.TC_03_SendingValidEmail" time="13.071" errors="0" timestamp="2024-04-11T14:26:46 IST" skipped="0">
  <testcase classname="TestCases.TC_03_SendingValidEmail" name="click_on_caboption" time="1.143"/>
  <testcase classname="TestCases.TC_03_SendingValidEmail" name="user_clicking_search" time="4.434"/>
  <testcase classname="TestCases.TC_03_SendingValidEmail" name="user_clicking_moredropdown" time="0.095"/>
  <testcase classname="TestCases.TC_03_SendingValidEmail" name="user_clicking_giftcardsoption" time="1.474"/>
  <testcase classname="TestCases.TC_03_SendingValidEmail" name="user_clicking_wedding_giftcard" time="1.103"/>
  <testcase classname="TestCases.TC_03_SendingValidEmail" name="user_gives_senders_data_with_valid_email" time="1.347"/>
  <testcase classname="TestCases.TC_03_SendingValidEmail" name="user_clicks_on_buynow" time="3.475"/>
</testsuite> <!-- TestCases.TC_03_SendingValidEmail -->
