<?xml version="1.0" encoding="UTF-8"?>
<!-- Generated by org.testng.reporters.JUnitReportReporter -->
<testsuite hostname="LTIN511473" failures="0" tests="14" name="TestCases.TC_03_SendingValidEmail" time="38.097" errors="0" timestamp="2024-04-07T22:37:06 IST" skipped="0">
  <testcase classname="TestCases.TC_03_SendingValidEmail" name="click_on_caboption" time="0.430"/>
  <testcase classname="TestCases.TC_03_SendingValidEmail" name="click_on_caboption" time="0.486"/>
  <testcase classname="TestCases.TC_03_SendingValidEmail" name="user_clicking_search" time="6.265"/>
  <testcase classname="TestCases.TC_03_SendingValidEmail" name="user_clicking_search" time="6.509"/>
  <testcase classname="TestCases.TC_03_SendingValidEmail" name="user_clicking_moredropdown" time="0.281"/>
  <testcase classname="TestCases.TC_03_SendingValidEmail" name="user_clicking_moredropdown" time="0.200"/>
  <testcase classname="TestCases.TC_03_SendingValidEmail" name="user_clicking_giftcardsoption" time="2.492"/>
  <testcase classname="TestCases.TC_03_SendingValidEmail" name="user_clicking_giftcardsoption" time="3.041"/>
  <testcase classname="TestCases.TC_03_SendingValidEmail" name="user_clicking_wedding_giftcard" time="2.579"/>
  <testcase classname="TestCases.TC_03_SendingValidEmail" name="user_clicking_wedding_giftcard" time="2.523"/>
  <testcase classname="TestCases.TC_03_SendingValidEmail" name="user_gives_senders_data_with_valid_email" time="1.899"/>
  <testcase classname="TestCases.TC_03_SendingValidEmail" name="user_gives_senders_data_with_valid_email" time="2.149"/>
  <testcase classname="TestCases.TC_03_SendingValidEmail" name="user_clicks_on_buynow" time="4.444"/>
  <testcase classname="TestCases.TC_03_SendingValidEmail" name="user_clicks_on_buynow" time="4.799"/>
</testsuite> <!-- TestCases.TC_03_SendingValidEmail -->
