<?xml version="1.0" encoding="UTF-8"?>
<!-- Generated by org.testng.reporters.JUnitReportReporter -->
<testsuite hostname="LTIN511473" failures="0" tests="8" name="TestCases.TC_04_Hotels_Section" time="10.099" errors="0" timestamp="2024-04-07T22:37:06 IST" skipped="0">
  <testcase classname="TestCases.TC_04_Hotels_Section" name="click_on_hotels_icon" time="0.691"/>
  <testcase classname="TestCases.TC_04_Hotels_Section" name="click_on_hotels_icon" time="0.424"/>
  <testcase classname="TestCases.TC_04_Hotels_Section" name="click_on_upto4rooms" time="0.227"/>
  <testcase classname="TestCases.TC_04_Hotels_Section" name="click_on_upto4rooms" time="0.211"/>
  <testcase classname="TestCases.TC_04_Hotels_Section" name="click_on_roomsandguests" time="0.471"/>
  <testcase classname="TestCases.TC_04_Hotels_Section" name="click_on_roomsandguests" time="0.587"/>
  <testcase classname="TestCases.TC_04_Hotels_Section" name="click_on_adultsdropdown_printallnumbers" time="3.762"/>
  <testcase classname="TestCases.TC_04_Hotels_Section" name="click_on_adultsdropdown_printallnumbers" time="3.726"/>
</testsuite> <!-- TestCases.TC_04_Hotels_Section -->
