<?xml version="1.0" encoding="UTF-8"?>
<!-- Generated by org.testng.reporters.JUnitReportReporter -->
<testsuite hostname="LTIN511473" failures="0" tests="10" name="TestCases.TC_01_LowestCabDetails" time="19.335" errors="0" timestamp="2024-04-11T14:26:46 IST" skipped="0">
  <testcase classname="TestCases.TC_01_LowestCabDetails" name="click_on_caboption" time="1.990"/>
  <testcase classname="TestCases.TC_01_LowestCabDetails" name="click_on_oneway_outstation" time="0.153"/>
  <testcase classname="TestCases.TC_01_LowestCabDetails" name="user_selecting_from" time="3.669"/>
  <testcase classname="TestCases.TC_01_LowestCabDetails" name="user_selecting_to" time="3.304"/>
  <testcase classname="TestCases.TC_01_LowestCabDetails" name="user_selecting_date" time="0.326"/>
  <testcase classname="TestCases.TC_01_LowestCabDetails" name="user_selecting_time" time="0.644"/>
  <testcase classname="TestCases.TC_01_LowestCabDetails" name="user_clicking_search" time="4.798"/>
  <testcase classname="TestCases.TC_01_LowestCabDetails" name="user_selecting_lowtohighprice" time="4.240"/>
  <testcase classname="TestCases.TC_01_LowestCabDetails" name="user_selecting_suv" time="0.134"/>
  <testcase classname="TestCases.TC_01_LowestCabDetails" name="lowest_cab_details" time="0.077"/>
</testsuite> <!-- TestCases.TC_01_LowestCabDetails -->
