<?xml version="1.0" encoding="UTF-8"?>
<!-- Generated by org.testng.reporters.JUnitReportReporter -->
<testsuite hostname="LTIN511473" failures="0" tests="8" name="TestCases.TC_02_SendingInvalidEmail" time="11.290" errors="0" timestamp="2024-04-11T14:28:36 IST" skipped="0">
  <testcase classname="TestCases.TC_02_SendingInvalidEmail" name="click_on_caboption" time="1.859"/>
  <testcase classname="TestCases.TC_02_SendingInvalidEmail" name="user_clicking_search" time="4.773"/>
  <testcase classname="TestCases.TC_02_SendingInvalidEmail" name="user_clicking_moredropdown" time="0.153"/>
  <testcase classname="TestCases.TC_02_SendingInvalidEmail" name="user_clicking_giftcardsoption" time="1.707"/>
  <testcase classname="TestCases.TC_02_SendingInvalidEmail" name="user_clicking_wedding_giftcard" time="1.026"/>
  <testcase classname="TestCases.TC_02_SendingInvalidEmail" name="user_gives_senders_data_with_invalid_email" time="1.504"/>
  <testcase classname="TestCases.TC_02_SendingInvalidEmail" name="user_clicks_on_buynow" time="0.190"/>
  <testcase classname="TestCases.TC_02_SendingInvalidEmail" name="capture_warning_msg" time="0.078"/>
</testsuite> <!-- TestCases.TC_02_SendingInvalidEmail -->
