<?xml version="1.0" encoding="UTF-8"?>
<!-- Generated by org.testng.reporters.JUnitReportReporter -->
<testsuite hostname="LTIN511473" failures="0" tests="16" name="TestCases.TC_02_SendingInvalidEmail" time="29.713" errors="0" timestamp="2024-04-07T22:37:06 IST" skipped="0">
  <testcase classname="TestCases.TC_02_SendingInvalidEmail" name="click_on_caboption" time="1.481"/>
  <testcase classname="TestCases.TC_02_SendingInvalidEmail" name="click_on_caboption" time="0.384"/>
  <testcase classname="TestCases.TC_02_SendingInvalidEmail" name="user_clicking_search" time="5.695"/>
  <testcase classname="TestCases.TC_02_SendingInvalidEmail" name="user_clicking_search" time="5.434"/>
  <testcase classname="TestCases.TC_02_SendingInvalidEmail" name="user_clicking_moredropdown" time="0.223"/>
  <testcase classname="TestCases.TC_02_SendingInvalidEmail" name="user_clicking_moredropdown" time="0.255"/>
  <testcase classname="TestCases.TC_02_SendingInvalidEmail" name="user_clicking_giftcardsoption" time="4.286"/>
  <testcase classname="TestCases.TC_02_SendingInvalidEmail" name="user_clicking_giftcardsoption" time="2.350"/>
  <testcase classname="TestCases.TC_02_SendingInvalidEmail" name="user_clicking_wedding_giftcard" time="2.672"/>
  <testcase classname="TestCases.TC_02_SendingInvalidEmail" name="user_clicking_wedding_giftcard" time="1.842"/>
  <testcase classname="TestCases.TC_02_SendingInvalidEmail" name="user_gives_senders_data_with_invalid_email" time="1.874"/>
  <testcase classname="TestCases.TC_02_SendingInvalidEmail" name="user_gives_senders_data_with_invalid_email" time="2.093"/>
  <testcase classname="TestCases.TC_02_SendingInvalidEmail" name="user_clicks_on_buynow" time="0.408"/>
  <testcase classname="TestCases.TC_02_SendingInvalidEmail" name="user_clicks_on_buynow" time="0.396"/>
  <testcase classname="TestCases.TC_02_SendingInvalidEmail" name="capture_warning_msg" time="0.144"/>
  <testcase classname="TestCases.TC_02_SendingInvalidEmail" name="capture_warning_msg" time="0.176"/>
</testsuite> <!-- TestCases.TC_02_SendingInvalidEmail -->
